<?xml version="1.0" encoding="UTF-8"?>
<coverage generated="1552341903218" clover="3.2.0">
  <project timestamp="1552341903218" name="All files">
    <metrics statements="26" coveredstatements="24" conditionals="17" coveredconditionals="11" methods="4" coveredmethods="3" elements="47" coveredelements="38" complexity="0" loc="26" ncloc="26" packages="1" files="1" classes="1"/>
    <file name="common.js" path="/home/leoco/Desktop/cli/test/common.js">
      <metrics statements="26" coveredstatements="24" conditionals="17" coveredconditionals="11" methods="4" coveredmethods="3"/>
      <line num="5" count="2" type="stmt"/>
      <line num="7" count="2" type="cond" truecount="1" falsecount="2"/>
      <line num="9" count="2" type="stmt"/>
      <line num="10" count="10" type="stmt"/>
      <line num="11" count="10" type="stmt"/>
      <line num="12" count="10" type="stmt"/>
      <line num="14" count="10" type="cond" truecount="2" falsecount="0"/>
      <line num="16" count="10" type="cond" truecount="1" falsecount="1"/>
      <line num="18" count="10" type="cond" truecount="2" falsecount="0"/>
      <line num="19" count="2" type="stmt"/>
      <line num="22" count="10" type="cond" truecount="1" falsecount="1"/>
      <line num="23" count="0" type="stmt"/>
      <line num="26" count="10" type="cond" truecount="2" falsecount="0"/>
      <line num="28" count="10" type="stmt"/>
      <line num="29" count="10" type="stmt"/>
      <line num="30" count="10" type="stmt"/>
      <line num="32" count="10" type="cond" truecount="1" falsecount="1"/>
      <line num="33" count="10" type="stmt"/>
      <line num="34" count="0" type="stmt"/>
      <line num="38" count="10" type="cond" truecount="1" falsecount="1"/>
      <line num="39" count="10" type="stmt"/>
      <line num="40" count="73" type="stmt"/>
      <line num="44" count="10" type="stmt"/>
      <line num="46" count="10" type="stmt"/>
      <line num="47" count="10" type="stmt"/>
      <line num="50" count="10" type="stmt"/>
    </file>
  </project>
</coverage>
