{"/home/leoco/Desktop/cli/test/common.js": {"path":"/home/leoco/Desktop/cli/test/common.js","statementMap":{"0":{"start":{"line":5,"column":19},"end":{"line":5,"column":59}},"1":{"start":{"line":7,"column":21},"end":{"line":7,"column":90}},"2":{"start":{"line":9,"column":15},"end":{"line":51,"column":1}},"3":{"start":{"line":10,"column":2},"end":{"line":10,"column":20}},"4":{"start":{"line":11,"column":2},"end":{"line":11,"column":15}},"5":{"start":{"line":12,"column":2},"end":{"line":12,"column":21}},"6":{"start":{"line":14,"column":2},"end":{"line":14,"column":36}},"7":{"start":{"line":16,"column":2},"end":{"line":16,"column":60}},"8":{"start":{"line":16,"column":25},"end":{"line":16,"column":60}},"9":{"start":{"line":18,"column":2},"end":{"line":20,"column":3}},"10":{"start":{"line":19,"column":4},"end":{"line":19,"column":46}},"11":{"start":{"line":22,"column":2},"end":{"line":24,"column":3}},"12":{"start":{"line":23,"column":4},"end":{"line":23,"column":39}},"13":{"start":{"line":26,"column":2},"end":{"line":26,"column":40}},"14":{"start":{"line":28,"column":15},"end":{"line":28,"column":17}},"15":{"start":{"line":29,"column":15},"end":{"line":29,"column":17}},"16":{"start":{"line":30,"column":16},"end":{"line":30,"column":41}},"17":{"start":{"line":32,"column":2},"end":{"line":36,"column":3}},"18":{"start":{"line":33,"column":4},"end":{"line":35,"column":6}},"19":{"start":{"line":34,"column":6},"end":{"line":34,"column":21}},"20":{"start":{"line":38,"column":2},"end":{"line":42,"column":3}},"21":{"start":{"line":39,"column":4},"end":{"line":41,"column":6}},"22":{"start":{"line":40,"column":6},"end":{"line":40,"column":21}},"23":{"start":{"line":44,"column":2},"end":{"line":44,"column":23}},"24":{"start":{"line":46,"column":2},"end":{"line":48,"column":4}},"25":{"start":{"line":47,"column":4},"end":{"line":47,"column":34}},"26":{"start":{"line":50,"column":2},"end":{"line":50,"column":14}}},"fnMap":{"0":{"name":"(anonymous_0)","decl":{"start":{"line":9,"column":15},"end":{"line":9,"column":16}},"loc":{"start":{"line":9,"column":34},"end":{"line":51,"column":1}},"line":9},"1":{"name":"(anonymous_1)","decl":{"start":{"line":33,"column":28},"end":{"line":33,"column":29}},"loc":{"start":{"line":33,"column":39},"end":{"line":35,"column":5}},"line":33},"2":{"name":"(anonymous_2)","decl":{"start":{"line":39,"column":28},"end":{"line":39,"column":29}},"loc":{"start":{"line":39,"column":39},"end":{"line":41,"column":5}},"line":39},"3":{"name":"(anonymous_3)","decl":{"start":{"line":46,"column":20},"end":{"line":46,"column":21}},"loc":{"start":{"line":46,"column":30},"end":{"line":48,"column":3}},"line":46}},"branchMap":{"0":{"loc":{"start":{"line":7,"column":21},"end":{"line":7,"column":90}},"type":"binary-expr","locations":[{"start":{"line":7,"column":21},"end":{"line":7,"column":50}},{"start":{"line":7,"column":54},"end":{"line":7,"column":70}},{"start":{"line":7,"column":74},"end":{"line":7,"column":90}}],"line":7},"1":{"loc":{"start":{"line":14,"column":13},"end":{"line":14,"column":36}},"type":"binary-expr","locations":[{"start":{"line":14,"column":13},"end":{"line":14,"column":21}},{"start":{"line":14,"column":25},"end":{"line":14,"column":36}}],"line":14},"2":{"loc":{"start":{"line":16,"column":2},"end":{"line":16,"column":60}},"type":"if","locations":[{"start":{"line":16,"column":2},"end":{"line":16,"column":60}},{"start":{"line":16,"column":2},"end":{"line":16,"column":60}}],"line":16},"3":{"loc":{"start":{"line":18,"column":2},"end":{"line":20,"column":3}},"type":"if","locations":[{"start":{"line":18,"column":2},"end":{"line":20,"column":3}},{"start":{"line":18,"column":2},"end":{"line":20,"column":3}}],"line":18},"4":{"loc":{"start":{"line":22,"column":2},"end":{"line":24,"column":3}},"type":"if","locations":[{"start":{"line":22,"column":2},"end":{"line":24,"column":3}},{"start":{"line":22,"column":2},"end":{"line":24,"column":3}}],"line":22},"5":{"loc":{"start":{"line":26,"column":12},"end":{"line":26,"column":40}},"type":"binary-expr","locations":[{"start":{"line":26,"column":12},"end":{"line":26,"column":29}},{"start":{"line":26,"column":33},"end":{"line":26,"column":40}}],"line":26},"6":{"loc":{"start":{"line":32,"column":2},"end":{"line":36,"column":3}},"type":"if","locations":[{"start":{"line":32,"column":2},"end":{"line":36,"column":3}},{"start":{"line":32,"column":2},"end":{"line":36,"column":3}}],"line":32},"7":{"loc":{"start":{"line":38,"column":2},"end":{"line":42,"column":3}},"type":"if","locations":[{"start":{"line":38,"column":2},"end":{"line":42,"column":3}},{"start":{"line":38,"column":2},"end":{"line":42,"column":3}}],"line":38}},"s":{"0":2,"1":2,"2":2,"3":10,"4":10,"5":10,"6":10,"7":10,"8":0,"9":10,"10":2,"11":10,"12":0,"13":10,"14":10,"15":10,"16":10,"17":10,"18":10,"19":0,"20":10,"21":10,"22":73,"23":10,"24":10,"25":10,"26":10},"f":{"0":10,"1":0,"2":73,"3":10},"b":{"0":[2,0,0],"1":[10,10],"2":[0,10],"3":[2,8],"4":[0,10],"5":[10,10],"6":[10,0],"7":[10,0]},"_coverageSchema":"43e27e138ebf9cfc5966b082cf9a028302ed4184","hash":"918f44d34c4a0ef97ba78d43e9807770dcd919a9"}
}
