TN:
SF:/home/leoco/Desktop/cli/test/common.js
FN:9,(anonymous_0)
FN:33,(anonymous_1)
FN:39,(anonymous_2)
FN:46,(anonymous_3)
FNF:4
FNH:3
FNDA:10,(anonymous_0)
FNDA:0,(anonymous_1)
FNDA:73,(anonymous_2)
FNDA:10,(anonymous_3)
DA:5,2
DA:7,2
DA:9,2
DA:10,10
DA:11,10
DA:12,10
DA:14,10
DA:16,10
DA:18,10
DA:19,2
DA:22,10
DA:23,0
DA:26,10
DA:28,10
DA:29,10
DA:30,10
DA:32,10
DA:33,10
DA:34,0
DA:38,10
DA:39,10
DA:40,73
DA:44,10
DA:46,10
DA:47,10
DA:50,10
LF:26
LH:24
BRDA:7,0,0,2
BRDA:7,0,1,0
BRDA:7,0,2,0
BRDA:14,1,0,10
BRDA:14,1,1,10
BRDA:16,2,0,0
BRDA:16,2,1,10
BRDA:18,3,0,2
BRDA:18,3,1,8
BRDA:22,4,0,0
BRDA:22,4,1,10
BRDA:26,5,0,10
BRDA:26,5,1,10
BRDA:32,6,0,10
BRDA:32,6,1,0
BRDA:38,7,0,10
BRDA:38,7,1,0
BRF:17
BRH:11
end_of_record
